<?xml version="1.0" encoding="UTF-8"?>
<testsuites tests="54" failures="0" disabled="0" errors="0" time="0.001" timestamp="2024-10-17T20:02:26" name="AllTests">
  <testsuite name="QuaternionsSingleTest/0" tests="10" failures="0" disabled="0" errors="0" time="0" timestamp="2024-10-17T20:02:26">
    <testcase name="testQuaternionSingleConstructor" type_param="kindr::Quaternion&lt;double&gt;" status="run" result="completed" time="0" timestamp="2024-10-17T20:02:26" classname="QuaternionsSingleTest/0" />
    <testcase name="testQuaternionSingleMultiplication" type_param="kindr::Quaternion&lt;double&gt;" status="run" result="completed" time="0" timestamp="2024-10-17T20:02:26" classname="QuaternionsSingleTest/0" />
    <testcase name="testQuaternionSingleConjugation" type_param="kindr::Quaternion&lt;double&gt;" status="run" result="completed" time="0" timestamp="2024-10-17T20:02:26" classname="QuaternionsSingleTest/0" />
    <testcase name="testQuaternionSingleInversion" type_param="kindr::Quaternion&lt;double&gt;" status="run" result="completed" time="0" timestamp="2024-10-17T20:02:26" classname="QuaternionsSingleTest/0" />
    <testcase name="testQuaternionSingleEqualityComparison" type_param="kindr::Quaternion&lt;double&gt;" status="run" result="completed" time="0" timestamp="2024-10-17T20:02:26" classname="QuaternionsSingleTest/0" />
    <testcase name="testQuaternionSingleInequalityComparison" type_param="kindr::Quaternion&lt;double&gt;" status="run" result="completed" time="0" timestamp="2024-10-17T20:02:26" classname="QuaternionsSingleTest/0" />
    <testcase name="testQuaternionSingleNormalization" type_param="kindr::Quaternion&lt;double&gt;" status="run" result="completed" time="0" timestamp="2024-10-17T20:02:26" classname="QuaternionsSingleTest/0" />
    <testcase name="testQuaternionSingleImplementationCast" type_param="kindr::Quaternion&lt;double&gt;" status="run" result="completed" time="0" timestamp="2024-10-17T20:02:26" classname="QuaternionsSingleTest/0" />
    <testcase name="testQuaternionSingleVectorAndVectorConstructor" type_param="kindr::Quaternion&lt;double&gt;" status="run" result="completed" time="0" timestamp="2024-10-17T20:02:26" classname="QuaternionsSingleTest/0" />
    <testcase name="testQuaternionSingleSpecialMatrices" type_param="kindr::Quaternion&lt;double&gt;" status="run" result="completed" time="0" timestamp="2024-10-17T20:02:26" classname="QuaternionsSingleTest/0" />
  </testsuite>
  <testsuite name="QuaternionsSingleTest/1" tests="10" failures="0" disabled="0" errors="0" time="0" timestamp="2024-10-17T20:02:26">
    <testcase name="testQuaternionSingleConstructor" type_param="kindr::Quaternion&lt;float&gt;" status="run" result="completed" time="0" timestamp="2024-10-17T20:02:26" classname="QuaternionsSingleTest/1" />
    <testcase name="testQuaternionSingleMultiplication" type_param="kindr::Quaternion&lt;float&gt;" status="run" result="completed" time="0" timestamp="2024-10-17T20:02:26" classname="QuaternionsSingleTest/1" />
    <testcase name="testQuaternionSingleConjugation" type_param="kindr::Quaternion&lt;float&gt;" status="run" result="completed" time="0" timestamp="2024-10-17T20:02:26" classname="QuaternionsSingleTest/1" />
    <testcase name="testQuaternionSingleInversion" type_param="kindr::Quaternion&lt;float&gt;" status="run" result="completed" time="0" timestamp="2024-10-17T20:02:26" classname="QuaternionsSingleTest/1" />
    <testcase name="testQuaternionSingleEqualityComparison" type_param="kindr::Quaternion&lt;float&gt;" status="run" result="completed" time="0" timestamp="2024-10-17T20:02:26" classname="QuaternionsSingleTest/1" />
    <testcase name="testQuaternionSingleInequalityComparison" type_param="kindr::Quaternion&lt;float&gt;" status="run" result="completed" time="0" timestamp="2024-10-17T20:02:26" classname="QuaternionsSingleTest/1" />
    <testcase name="testQuaternionSingleNormalization" type_param="kindr::Quaternion&lt;float&gt;" status="run" result="completed" time="0" timestamp="2024-10-17T20:02:26" classname="QuaternionsSingleTest/1" />
    <testcase name="testQuaternionSingleImplementationCast" type_param="kindr::Quaternion&lt;float&gt;" status="run" result="completed" time="0" timestamp="2024-10-17T20:02:26" classname="QuaternionsSingleTest/1" />
    <testcase name="testQuaternionSingleVectorAndVectorConstructor" type_param="kindr::Quaternion&lt;float&gt;" status="run" result="completed" time="0" timestamp="2024-10-17T20:02:26" classname="QuaternionsSingleTest/1" />
    <testcase name="testQuaternionSingleSpecialMatrices" type_param="kindr::Quaternion&lt;float&gt;" status="run" result="completed" time="0" timestamp="2024-10-17T20:02:26" classname="QuaternionsSingleTest/1" />
  </testsuite>
  <testsuite name="QuaternionsPairsTest/0" tests="1" failures="0" disabled="0" errors="0" time="0" timestamp="2024-10-17T20:02:26">
    <testcase name="testQuaternionPrimeTypeCasting" type_param="std::pair&lt;kindr::Quaternion&lt;double&gt;, kindr::Quaternion&lt;double&gt; &gt;" status="run" result="completed" time="0" timestamp="2024-10-17T20:02:26" classname="QuaternionsPairsTest/0" />
  </testsuite>
  <testsuite name="QuaternionsPairsTest/1" tests="1" failures="0" disabled="0" errors="0" time="0" timestamp="2024-10-17T20:02:26">
    <testcase name="testQuaternionPrimeTypeCasting" type_param="std::pair&lt;kindr::Quaternion&lt;double&gt;, kindr::Quaternion&lt;float&gt; &gt;" status="run" result="completed" time="0" timestamp="2024-10-17T20:02:26" classname="QuaternionsPairsTest/1" />
  </testsuite>
  <testsuite name="QuaternionsPairsTest/2" tests="1" failures="0" disabled="0" errors="0" time="0" timestamp="2024-10-17T20:02:26">
    <testcase name="testQuaternionPrimeTypeCasting" type_param="std::pair&lt;kindr::Quaternion&lt;float&gt;, kindr::Quaternion&lt;float&gt; &gt;" status="run" result="completed" time="0" timestamp="2024-10-17T20:02:26" classname="QuaternionsPairsTest/2" />
  </testsuite>
  <testsuite name="QuaternionsPairsTest/3" tests="1" failures="0" disabled="0" errors="0" time="0" timestamp="2024-10-17T20:02:26">
    <testcase name="testQuaternionPrimeTypeCasting" type_param="std::pair&lt;kindr::UnitQuaternion&lt;double&gt;, kindr::UnitQuaternion&lt;float&gt; &gt;" status="run" result="completed" time="0" timestamp="2024-10-17T20:02:26" classname="QuaternionsPairsTest/3" />
  </testsuite>
  <testsuite name="QuaternionsPairsTest/4" tests="1" failures="0" disabled="0" errors="0" time="0" timestamp="2024-10-17T20:02:26">
    <testcase name="testQuaternionPrimeTypeCasting" type_param="std::pair&lt;kindr::UnitQuaternion&lt;double&gt;, kindr::Quaternion&lt;double&gt; &gt;" status="run" result="completed" time="0" timestamp="2024-10-17T20:02:26" classname="QuaternionsPairsTest/4" />
  </testsuite>
  <testsuite name="QuaternionsPairsTest/5" tests="1" failures="0" disabled="0" errors="0" time="0" timestamp="2024-10-17T20:02:26">
    <testcase name="testQuaternionPrimeTypeCasting" type_param="std::pair&lt;kindr::UnitQuaternion&lt;double&gt;, kindr::UnitQuaternion&lt;double&gt; &gt;" status="run" result="completed" time="0" timestamp="2024-10-17T20:02:26" classname="QuaternionsPairsTest/5" />
  </testsuite>
  <testsuite name="QuaternionsPairsTest/6" tests="1" failures="0" disabled="0" errors="0" time="0" timestamp="2024-10-17T20:02:26">
    <testcase name="testQuaternionPrimeTypeCasting" type_param="std::pair&lt;kindr::UnitQuaternion&lt;float&gt;, kindr::Quaternion&lt;float&gt; &gt;" status="run" result="completed" time="0" timestamp="2024-10-17T20:02:26" classname="QuaternionsPairsTest/6" />
  </testsuite>
  <testsuite name="QuaternionsPairsTest/7" tests="1" failures="0" disabled="0" errors="0" time="0" timestamp="2024-10-17T20:02:26">
    <testcase name="testQuaternionPrimeTypeCasting" type_param="std::pair&lt;kindr::UnitQuaternion&lt;double&gt;, kindr::Quaternion&lt;float&gt; &gt;" status="run" result="completed" time="0" timestamp="2024-10-17T20:02:26" classname="QuaternionsPairsTest/7" />
  </testsuite>
  <testsuite name="QuaternionsPairsTest/8" tests="1" failures="0" disabled="0" errors="0" time="0" timestamp="2024-10-17T20:02:26">
    <testcase name="testQuaternionPrimeTypeCasting" type_param="std::pair&lt;kindr::UnitQuaternion&lt;float&gt;, kindr::Quaternion&lt;double&gt; &gt;" status="run" result="completed" time="0" timestamp="2024-10-17T20:02:26" classname="QuaternionsPairsTest/8" />
  </testsuite>
  <testsuite name="QuaternionsPairsTest/9" tests="1" failures="0" disabled="0" errors="0" time="0" timestamp="2024-10-17T20:02:26">
    <testcase name="testQuaternionPrimeTypeCasting" type_param="std::pair&lt;kindr::UnitQuaternion&lt;float&gt;, kindr::UnitQuaternion&lt;float&gt; &gt;" status="run" result="completed" time="0" timestamp="2024-10-17T20:02:26" classname="QuaternionsPairsTest/9" />
  </testsuite>
  <testsuite name="QuaternionsPrimTypeTest/0" tests="2" failures="0" disabled="0" errors="0" time="0" timestamp="2024-10-17T20:02:26">
    <testcase name="testQuaternionAssignmentCasting" type_param="float" status="run" result="completed" time="0" timestamp="2024-10-17T20:02:26" classname="QuaternionsPrimTypeTest/0" />
    <testcase name="testQuaternionToUnitQuaternion" type_param="float" status="run" result="completed" time="0" timestamp="2024-10-17T20:02:26" classname="QuaternionsPrimTypeTest/0" />
  </testsuite>
  <testsuite name="QuaternionsPrimTypeTest/1" tests="2" failures="0" disabled="0" errors="0" time="0" timestamp="2024-10-17T20:02:26">
    <testcase name="testQuaternionAssignmentCasting" type_param="double" status="run" result="completed" time="0" timestamp="2024-10-17T20:02:26" classname="QuaternionsPrimTypeTest/1" />
    <testcase name="testQuaternionToUnitQuaternion" type_param="double" status="run" result="completed" time="0" timestamp="2024-10-17T20:02:26" classname="QuaternionsPrimTypeTest/1" />
  </testsuite>
  <testsuite name="UnitQuaternionsSingleTest/0" tests="10" failures="0" disabled="0" errors="0" time="0" timestamp="2024-10-17T20:02:26">
    <testcase name="testUnitQuaternionSingleConstructor" type_param="kindr::UnitQuaternion&lt;double&gt;" status="run" result="completed" time="0" timestamp="2024-10-17T20:02:26" classname="UnitQuaternionsSingleTest/0" />
    <testcase name="testUnitQuaternionSingleMultiplication" type_param="kindr::UnitQuaternion&lt;double&gt;" status="run" result="completed" time="0" timestamp="2024-10-17T20:02:26" classname="UnitQuaternionsSingleTest/0" />
    <testcase name="testUnitQuaternionSingleConjugation" type_param="kindr::UnitQuaternion&lt;double&gt;" status="run" result="completed" time="0" timestamp="2024-10-17T20:02:26" classname="UnitQuaternionsSingleTest/0" />
    <testcase name="testUnitQuaternionSingleInversion" type_param="kindr::UnitQuaternion&lt;double&gt;" status="run" result="completed" time="0" timestamp="2024-10-17T20:02:26" classname="UnitQuaternionsSingleTest/0" />
    <testcase name="testUnitQuaternionSingleEqualityComparison" type_param="kindr::UnitQuaternion&lt;double&gt;" status="run" result="completed" time="0" timestamp="2024-10-17T20:02:26" classname="UnitQuaternionsSingleTest/0" />
    <testcase name="testUnitQuaternionSingleInequalityComparison" type_param="kindr::UnitQuaternion&lt;double&gt;" status="run" result="completed" time="0" timestamp="2024-10-17T20:02:26" classname="UnitQuaternionsSingleTest/0" />
    <testcase name="testUnitQuaternionSingleNormalization" type_param="kindr::UnitQuaternion&lt;double&gt;" status="run" result="completed" time="0" timestamp="2024-10-17T20:02:26" classname="UnitQuaternionsSingleTest/0" />
    <testcase name="testUnitQuaternionSingleImplementationCast" type_param="kindr::UnitQuaternion&lt;double&gt;" status="run" result="completed" time="0" timestamp="2024-10-17T20:02:26" classname="UnitQuaternionsSingleTest/0" />
    <testcase name="testUnitQuaternionSingleSpecialMatrices" type_param="kindr::UnitQuaternion&lt;double&gt;" status="run" result="completed" time="0" timestamp="2024-10-17T20:02:26" classname="UnitQuaternionsSingleTest/0" />
    <testcase name="testQuaternionSingleVectorAndVectorConstructor" type_param="kindr::UnitQuaternion&lt;double&gt;" status="run" result="completed" time="0" timestamp="2024-10-17T20:02:26" classname="UnitQuaternionsSingleTest/0" />
  </testsuite>
  <testsuite name="UnitQuaternionsSingleTest/1" tests="10" failures="0" disabled="0" errors="0" time="0" timestamp="2024-10-17T20:02:26">
    <testcase name="testUnitQuaternionSingleConstructor" type_param="kindr::UnitQuaternion&lt;float&gt;" status="run" result="completed" time="0" timestamp="2024-10-17T20:02:26" classname="UnitQuaternionsSingleTest/1" />
    <testcase name="testUnitQuaternionSingleMultiplication" type_param="kindr::UnitQuaternion&lt;float&gt;" status="run" result="completed" time="0" timestamp="2024-10-17T20:02:26" classname="UnitQuaternionsSingleTest/1" />
    <testcase name="testUnitQuaternionSingleConjugation" type_param="kindr::UnitQuaternion&lt;float&gt;" status="run" result="completed" time="0" timestamp="2024-10-17T20:02:26" classname="UnitQuaternionsSingleTest/1" />
    <testcase name="testUnitQuaternionSingleInversion" type_param="kindr::UnitQuaternion&lt;float&gt;" status="run" result="completed" time="0" timestamp="2024-10-17T20:02:26" classname="UnitQuaternionsSingleTest/1" />
    <testcase name="testUnitQuaternionSingleEqualityComparison" type_param="kindr::UnitQuaternion&lt;float&gt;" status="run" result="completed" time="0" timestamp="2024-10-17T20:02:26" classname="UnitQuaternionsSingleTest/1" />
    <testcase name="testUnitQuaternionSingleInequalityComparison" type_param="kindr::UnitQuaternion&lt;float&gt;" status="run" result="completed" time="0" timestamp="2024-10-17T20:02:26" classname="UnitQuaternionsSingleTest/1" />
    <testcase name="testUnitQuaternionSingleNormalization" type_param="kindr::UnitQuaternion&lt;float&gt;" status="run" result="completed" time="0" timestamp="2024-10-17T20:02:26" classname="UnitQuaternionsSingleTest/1" />
    <testcase name="testUnitQuaternionSingleImplementationCast" type_param="kindr::UnitQuaternion&lt;float&gt;" status="run" result="completed" time="0" timestamp="2024-10-17T20:02:26" classname="UnitQuaternionsSingleTest/1" />
    <testcase name="testUnitQuaternionSingleSpecialMatrices" type_param="kindr::UnitQuaternion&lt;float&gt;" status="run" result="completed" time="0" timestamp="2024-10-17T20:02:26" classname="UnitQuaternionsSingleTest/1" />
    <testcase name="testQuaternionSingleVectorAndVectorConstructor" type_param="kindr::UnitQuaternion&lt;float&gt;" status="run" result="completed" time="0" timestamp="2024-10-17T20:02:26" classname="UnitQuaternionsSingleTest/1" />
  </testsuite>
</testsuites>
