<?xml version="1.0" encoding="UTF-8"?>
<testsuites tests="84" failures="0" disabled="2" errors="0" time="0.002" timestamp="2024-10-17T20:02:26" name="AllTests">
  <testsuite name="RotationDiffPairTest/0" tests="1" failures="0" disabled="0" errors="0" time="0" timestamp="2024-10-17T20:02:26">
    <testcase name="testConversionToLocalAngularVelocity" type_param="std::pair&lt;kindr::RotationQuaternion&lt;double&gt;, kindr::RotationQuaternionDiff&lt;double&gt; &gt;" status="run" result="completed" time="0" timestamp="2024-10-17T20:02:26" classname="RotationDiffPairTest/0" />
  </testsuite>
  <testsuite name="RotationDiffPairTest/1" tests="1" failures="0" disabled="0" errors="0" time="0" timestamp="2024-10-17T20:02:26">
    <testcase name="testConversionToLocalAngularVelocity" type_param="std::pair&lt;kindr::RotationQuaternion&lt;float&gt;, kindr::RotationQuaternionDiff&lt;float&gt; &gt;" status="run" result="completed" time="0" timestamp="2024-10-17T20:02:26" classname="RotationDiffPairTest/1" />
  </testsuite>
  <testsuite name="RotationDiffPairTest/2" tests="1" failures="0" disabled="0" errors="0" time="0" timestamp="2024-10-17T20:02:26">
    <testcase name="testConversionToLocalAngularVelocity" type_param="std::pair&lt;kindr::RotationMatrix&lt;double&gt;, kindr::RotationMatrixDiff&lt;double&gt; &gt;" status="run" result="completed" time="0" timestamp="2024-10-17T20:02:26" classname="RotationDiffPairTest/2" />
  </testsuite>
  <testsuite name="RotationDiffPairTest/3" tests="1" failures="0" disabled="0" errors="0" time="0" timestamp="2024-10-17T20:02:26">
    <testcase name="testConversionToLocalAngularVelocity" type_param="std::pair&lt;kindr::RotationMatrix&lt;float&gt;, kindr::RotationMatrixDiff&lt;float&gt; &gt;" status="run" result="completed" time="0" timestamp="2024-10-17T20:02:26" classname="RotationDiffPairTest/3" />
  </testsuite>
  <testsuite name="RotationDiffPairTest/4" tests="1" failures="0" disabled="0" errors="0" time="0" timestamp="2024-10-17T20:02:26">
    <testcase name="testConversionToLocalAngularVelocity" type_param="std::pair&lt;kindr::EulerAnglesZyx&lt;double&gt;, kindr::EulerAnglesZyxDiff&lt;double&gt; &gt;" status="run" result="completed" time="0" timestamp="2024-10-17T20:02:26" classname="RotationDiffPairTest/4" />
  </testsuite>
  <testsuite name="RotationDiffPairTest/5" tests="1" failures="0" disabled="0" errors="0" time="0" timestamp="2024-10-17T20:02:26">
    <testcase name="testConversionToLocalAngularVelocity" type_param="std::pair&lt;kindr::EulerAnglesZyx&lt;float&gt;, kindr::EulerAnglesZyxDiff&lt;float&gt; &gt;" status="run" result="completed" time="0" timestamp="2024-10-17T20:02:26" classname="RotationDiffPairTest/5" />
  </testsuite>
  <testsuite name="RotationDiffPairTest/6" tests="1" failures="0" disabled="0" errors="0" time="0" timestamp="2024-10-17T20:02:26">
    <testcase name="testConversionToLocalAngularVelocity" type_param="std::pair&lt;kindr::EulerAnglesXyz&lt;double&gt;, kindr::EulerAnglesXyzDiff&lt;double&gt; &gt;" status="run" result="completed" time="0" timestamp="2024-10-17T20:02:26" classname="RotationDiffPairTest/6" />
  </testsuite>
  <testsuite name="RotationDiffPairTest/7" tests="1" failures="0" disabled="0" errors="0" time="0.001" timestamp="2024-10-17T20:02:26">
    <testcase name="testConversionToLocalAngularVelocity" type_param="std::pair&lt;kindr::EulerAnglesXyz&lt;float&gt;, kindr::EulerAnglesXyzDiff&lt;float&gt; &gt;" status="run" result="completed" time="0" timestamp="2024-10-17T20:02:26" classname="RotationDiffPairTest/7" />
  </testsuite>
  <testsuite name="RotationDiffSingleTest/0" tests="2" failures="0" disabled="1" errors="0" time="0" timestamp="2024-10-17T20:02:26">
    <testcase name="testConversionToLocalAngularVelocity" type_param="std::pair&lt;kindr::RotationQuaternion&lt;double&gt;, kindr::RotationQuaternionDiff&lt;double&gt; &gt;" status="run" result="completed" time="0" timestamp="2024-10-17T20:02:26" classname="RotationDiffSingleTest/0" />
    <testcase name="DISABLED_testConversionToGlobalAngularVelocity" type_param="std::pair&lt;kindr::RotationQuaternion&lt;double&gt;, kindr::RotationQuaternionDiff&lt;double&gt; &gt;" status="notrun" result="suppressed" time="0" timestamp="1970-01-01T07:30:00" classname="RotationDiffSingleTest/0" />
  </testsuite>
  <testsuite name="RotationDiffSingleTest/1" tests="2" failures="0" disabled="1" errors="0" time="0" timestamp="2024-10-17T20:02:26">
    <testcase name="testConversionToLocalAngularVelocity" type_param="std::pair&lt;kindr::RotationQuaternion&lt;float&gt;, kindr::RotationQuaternionDiff&lt;float&gt; &gt;" status="run" result="completed" time="0" timestamp="2024-10-17T20:02:26" classname="RotationDiffSingleTest/1" />
    <testcase name="DISABLED_testConversionToGlobalAngularVelocity" type_param="std::pair&lt;kindr::RotationQuaternion&lt;float&gt;, kindr::RotationQuaternionDiff&lt;float&gt; &gt;" status="notrun" result="suppressed" time="0" timestamp="1970-01-01T07:30:00" classname="RotationDiffSingleTest/1" />
  </testsuite>
  <testsuite name="LocalAngularVelocityTest/0" tests="6" failures="0" disabled="0" errors="0" time="0" timestamp="2024-10-17T20:02:26">
    <testcase name="testConstructors" type_param="kindr::LocalAngularVelocity&lt;double&gt;" status="run" result="completed" time="0" timestamp="2024-10-17T20:02:26" classname="LocalAngularVelocityTest/0" />
    <testcase name="testGetters" type_param="kindr::LocalAngularVelocity&lt;double&gt;" status="run" result="completed" time="0" timestamp="2024-10-17T20:02:26" classname="LocalAngularVelocityTest/0" />
    <testcase name="testSetters" type_param="kindr::LocalAngularVelocity&lt;double&gt;" status="run" result="completed" time="0" timestamp="2024-10-17T20:02:26" classname="LocalAngularVelocityTest/0" />
    <testcase name="testAddition" type_param="kindr::LocalAngularVelocity&lt;double&gt;" status="run" result="completed" time="0" timestamp="2024-10-17T20:02:26" classname="LocalAngularVelocityTest/0" />
    <testcase name="testMultiplication" type_param="kindr::LocalAngularVelocity&lt;double&gt;" status="run" result="completed" time="0" timestamp="2024-10-17T20:02:26" classname="LocalAngularVelocityTest/0" />
    <testcase name="testConversionFromGlobalAngularVelocity" type_param="kindr::LocalAngularVelocity&lt;double&gt;" status="run" result="completed" time="0" timestamp="2024-10-17T20:02:26" classname="LocalAngularVelocityTest/0" />
  </testsuite>
  <testsuite name="LocalAngularVelocityTest/1" tests="6" failures="0" disabled="0" errors="0" time="0" timestamp="2024-10-17T20:02:26">
    <testcase name="testConstructors" type_param="kindr::LocalAngularVelocity&lt;float&gt;" status="run" result="completed" time="0" timestamp="2024-10-17T20:02:26" classname="LocalAngularVelocityTest/1" />
    <testcase name="testGetters" type_param="kindr::LocalAngularVelocity&lt;float&gt;" status="run" result="completed" time="0" timestamp="2024-10-17T20:02:26" classname="LocalAngularVelocityTest/1" />
    <testcase name="testSetters" type_param="kindr::LocalAngularVelocity&lt;float&gt;" status="run" result="completed" time="0" timestamp="2024-10-17T20:02:26" classname="LocalAngularVelocityTest/1" />
    <testcase name="testAddition" type_param="kindr::LocalAngularVelocity&lt;float&gt;" status="run" result="completed" time="0" timestamp="2024-10-17T20:02:26" classname="LocalAngularVelocityTest/1" />
    <testcase name="testMultiplication" type_param="kindr::LocalAngularVelocity&lt;float&gt;" status="run" result="completed" time="0" timestamp="2024-10-17T20:02:26" classname="LocalAngularVelocityTest/1" />
    <testcase name="testConversionFromGlobalAngularVelocity" type_param="kindr::LocalAngularVelocity&lt;float&gt;" status="run" result="completed" time="0" timestamp="2024-10-17T20:02:26" classname="LocalAngularVelocityTest/1" />
  </testsuite>
  <testsuite name="GlobalAngularVelocityTest/0" tests="6" failures="0" disabled="0" errors="0" time="0" timestamp="2024-10-17T20:02:26">
    <testcase name="testConstructors" type_param="kindr::GlobalAngularVelocity&lt;double&gt;" status="run" result="completed" time="0" timestamp="2024-10-17T20:02:26" classname="GlobalAngularVelocityTest/0" />
    <testcase name="testGetters" type_param="kindr::GlobalAngularVelocity&lt;double&gt;" status="run" result="completed" time="0" timestamp="2024-10-17T20:02:26" classname="GlobalAngularVelocityTest/0" />
    <testcase name="testSetters" type_param="kindr::GlobalAngularVelocity&lt;double&gt;" status="run" result="completed" time="0" timestamp="2024-10-17T20:02:26" classname="GlobalAngularVelocityTest/0" />
    <testcase name="testAddition" type_param="kindr::GlobalAngularVelocity&lt;double&gt;" status="run" result="completed" time="0" timestamp="2024-10-17T20:02:26" classname="GlobalAngularVelocityTest/0" />
    <testcase name="testMultiplication" type_param="kindr::GlobalAngularVelocity&lt;double&gt;" status="run" result="completed" time="0" timestamp="2024-10-17T20:02:26" classname="GlobalAngularVelocityTest/0" />
    <testcase name="testConversionFromLocalAngularVelocity" type_param="kindr::GlobalAngularVelocity&lt;double&gt;" status="run" result="completed" time="0" timestamp="2024-10-17T20:02:26" classname="GlobalAngularVelocityTest/0" />
  </testsuite>
  <testsuite name="GlobalAngularVelocityTest/1" tests="6" failures="0" disabled="0" errors="0" time="0" timestamp="2024-10-17T20:02:26">
    <testcase name="testConstructors" type_param="kindr::GlobalAngularVelocity&lt;float&gt;" status="run" result="completed" time="0" timestamp="2024-10-17T20:02:26" classname="GlobalAngularVelocityTest/1" />
    <testcase name="testGetters" type_param="kindr::GlobalAngularVelocity&lt;float&gt;" status="run" result="completed" time="0" timestamp="2024-10-17T20:02:26" classname="GlobalAngularVelocityTest/1" />
    <testcase name="testSetters" type_param="kindr::GlobalAngularVelocity&lt;float&gt;" status="run" result="completed" time="0" timestamp="2024-10-17T20:02:26" classname="GlobalAngularVelocityTest/1" />
    <testcase name="testAddition" type_param="kindr::GlobalAngularVelocity&lt;float&gt;" status="run" result="completed" time="0" timestamp="2024-10-17T20:02:26" classname="GlobalAngularVelocityTest/1" />
    <testcase name="testMultiplication" type_param="kindr::GlobalAngularVelocity&lt;float&gt;" status="run" result="completed" time="0" timestamp="2024-10-17T20:02:26" classname="GlobalAngularVelocityTest/1" />
    <testcase name="testConversionFromLocalAngularVelocity" type_param="kindr::GlobalAngularVelocity&lt;float&gt;" status="run" result="completed" time="0" timestamp="2024-10-17T20:02:26" classname="GlobalAngularVelocityTest/1" />
  </testsuite>
  <testsuite name="RotationQuaternionDiffTest/0" tests="5" failures="0" disabled="0" errors="0" time="0" timestamp="2024-10-17T20:02:26">
    <testcase name="testConstructors" type_param="kindr::RotationQuaternionDiff&lt;double&gt;" status="run" result="completed" time="0" timestamp="2024-10-17T20:02:26" classname="RotationQuaternionDiffTest/0" />
    <testcase name="testGetters" type_param="kindr::RotationQuaternionDiff&lt;double&gt;" status="run" result="completed" time="0" timestamp="2024-10-17T20:02:26" classname="RotationQuaternionDiffTest/0" />
    <testcase name="testSetters" type_param="kindr::RotationQuaternionDiff&lt;double&gt;" status="run" result="completed" time="0" timestamp="2024-10-17T20:02:26" classname="RotationQuaternionDiffTest/0" />
    <testcase name="testFiniteDifference" type_param="kindr::RotationQuaternionDiff&lt;double&gt;" status="run" result="completed" time="0" timestamp="2024-10-17T20:02:26" classname="RotationQuaternionDiffTest/0" />
    <testcase name="testMultiplication" type_param="kindr::RotationQuaternionDiff&lt;double&gt;" status="run" result="completed" time="0" timestamp="2024-10-17T20:02:26" classname="RotationQuaternionDiffTest/0" />
  </testsuite>
  <testsuite name="RotationQuaternionDiffTest/1" tests="5" failures="0" disabled="0" errors="0" time="0" timestamp="2024-10-17T20:02:26">
    <testcase name="testConstructors" type_param="kindr::RotationQuaternionDiff&lt;float&gt;" status="run" result="completed" time="0" timestamp="2024-10-17T20:02:26" classname="RotationQuaternionDiffTest/1" />
    <testcase name="testGetters" type_param="kindr::RotationQuaternionDiff&lt;float&gt;" status="run" result="completed" time="0" timestamp="2024-10-17T20:02:26" classname="RotationQuaternionDiffTest/1" />
    <testcase name="testSetters" type_param="kindr::RotationQuaternionDiff&lt;float&gt;" status="run" result="completed" time="0" timestamp="2024-10-17T20:02:26" classname="RotationQuaternionDiffTest/1" />
    <testcase name="testFiniteDifference" type_param="kindr::RotationQuaternionDiff&lt;float&gt;" status="run" result="completed" time="0" timestamp="2024-10-17T20:02:26" classname="RotationQuaternionDiffTest/1" />
    <testcase name="testMultiplication" type_param="kindr::RotationQuaternionDiff&lt;float&gt;" status="run" result="completed" time="0" timestamp="2024-10-17T20:02:26" classname="RotationQuaternionDiffTest/1" />
  </testsuite>
  <testsuite name="RotationMatrixDiffTest/0" tests="4" failures="0" disabled="0" errors="0" time="0" timestamp="2024-10-17T20:02:26">
    <testcase name="testConstructors" type_param="kindr::RotationMatrixDiff&lt;double&gt;" status="run" result="completed" time="0" timestamp="2024-10-17T20:02:26" classname="RotationMatrixDiffTest/0" />
    <testcase name="testSetters" type_param="kindr::RotationMatrixDiff&lt;double&gt;" status="run" result="completed" time="0" timestamp="2024-10-17T20:02:26" classname="RotationMatrixDiffTest/0" />
    <testcase name="testFiniteDifference" type_param="kindr::RotationMatrixDiff&lt;double&gt;" status="run" result="completed" time="0" timestamp="2024-10-17T20:02:26" classname="RotationMatrixDiffTest/0" />
    <testcase name="testFiniteDifferenceInverse" type_param="kindr::RotationMatrixDiff&lt;double&gt;" status="run" result="completed" time="0" timestamp="2024-10-17T20:02:26" classname="RotationMatrixDiffTest/0" />
  </testsuite>
  <testsuite name="RotationMatrixDiffTest/1" tests="4" failures="0" disabled="0" errors="0" time="0" timestamp="2024-10-17T20:02:26">
    <testcase name="testConstructors" type_param="kindr::RotationMatrixDiff&lt;float&gt;" status="run" result="completed" time="0" timestamp="2024-10-17T20:02:26" classname="RotationMatrixDiffTest/1" />
    <testcase name="testSetters" type_param="kindr::RotationMatrixDiff&lt;float&gt;" status="run" result="completed" time="0" timestamp="2024-10-17T20:02:26" classname="RotationMatrixDiffTest/1" />
    <testcase name="testFiniteDifference" type_param="kindr::RotationMatrixDiff&lt;float&gt;" status="run" result="completed" time="0" timestamp="2024-10-17T20:02:26" classname="RotationMatrixDiffTest/1" />
    <testcase name="testFiniteDifferenceInverse" type_param="kindr::RotationMatrixDiff&lt;float&gt;" status="run" result="completed" time="0" timestamp="2024-10-17T20:02:26" classname="RotationMatrixDiffTest/1" />
  </testsuite>
  <testsuite name="EulerAnglesZyxDiffTest/0" tests="7" failures="0" disabled="0" errors="0" time="0" timestamp="2024-10-17T20:02:26">
    <testcase name="testConstructors" type_param="kindr::EulerAnglesZyxDiff&lt;double&gt;" status="run" result="completed" time="0" timestamp="2024-10-17T20:02:26" classname="EulerAnglesZyxDiffTest/0" />
    <testcase name="testGetters" type_param="kindr::EulerAnglesZyxDiff&lt;double&gt;" status="run" result="completed" time="0" timestamp="2024-10-17T20:02:26" classname="EulerAnglesZyxDiffTest/0" />
    <testcase name="testSetters" type_param="kindr::EulerAnglesZyxDiff&lt;double&gt;" status="run" result="completed" time="0" timestamp="2024-10-17T20:02:26" classname="EulerAnglesZyxDiffTest/0" />
    <testcase name="testFiniteDifference" type_param="kindr::EulerAnglesZyxDiff&lt;double&gt;" status="run" result="completed" time="0" timestamp="2024-10-17T20:02:26" classname="EulerAnglesZyxDiffTest/0" />
    <testcase name="testFiniteDifferenceInverse" type_param="kindr::EulerAnglesZyxDiff&lt;double&gt;" status="run" result="completed" time="0" timestamp="2024-10-17T20:02:26" classname="EulerAnglesZyxDiffTest/0" />
    <testcase name="mappingLocalAngularVelocity" type_param="kindr::EulerAnglesZyxDiff&lt;double&gt;" status="run" result="completed" time="0" timestamp="2024-10-17T20:02:26" classname="EulerAnglesZyxDiffTest/0" />
    <testcase name="mappingLocalAngularVelocityInverse" type_param="kindr::EulerAnglesZyxDiff&lt;double&gt;" status="run" result="completed" time="0" timestamp="2024-10-17T20:02:26" classname="EulerAnglesZyxDiffTest/0" />
  </testsuite>
  <testsuite name="EulerAnglesZyxDiffTest/1" tests="7" failures="0" disabled="0" errors="0" time="0" timestamp="2024-10-17T20:02:26">
    <testcase name="testConstructors" type_param="kindr::EulerAnglesZyxDiff&lt;float&gt;" status="run" result="completed" time="0" timestamp="2024-10-17T20:02:26" classname="EulerAnglesZyxDiffTest/1" />
    <testcase name="testGetters" type_param="kindr::EulerAnglesZyxDiff&lt;float&gt;" status="run" result="completed" time="0" timestamp="2024-10-17T20:02:26" classname="EulerAnglesZyxDiffTest/1" />
    <testcase name="testSetters" type_param="kindr::EulerAnglesZyxDiff&lt;float&gt;" status="run" result="completed" time="0" timestamp="2024-10-17T20:02:26" classname="EulerAnglesZyxDiffTest/1" />
    <testcase name="testFiniteDifference" type_param="kindr::EulerAnglesZyxDiff&lt;float&gt;" status="run" result="completed" time="0" timestamp="2024-10-17T20:02:26" classname="EulerAnglesZyxDiffTest/1" />
    <testcase name="testFiniteDifferenceInverse" type_param="kindr::EulerAnglesZyxDiff&lt;float&gt;" status="run" result="completed" time="0" timestamp="2024-10-17T20:02:26" classname="EulerAnglesZyxDiffTest/1" />
    <testcase name="mappingLocalAngularVelocity" type_param="kindr::EulerAnglesZyxDiff&lt;float&gt;" status="run" result="completed" time="0" timestamp="2024-10-17T20:02:26" classname="EulerAnglesZyxDiffTest/1" />
    <testcase name="mappingLocalAngularVelocityInverse" type_param="kindr::EulerAnglesZyxDiff&lt;float&gt;" status="run" result="completed" time="0" timestamp="2024-10-17T20:02:26" classname="EulerAnglesZyxDiffTest/1" />
  </testsuite>
  <testsuite name="EulerAnglesXyzDiffTest/0" tests="8" failures="0" disabled="0" errors="0" time="0.001" timestamp="2024-10-17T20:02:26">
    <testcase name="testConstructors" type_param="kindr::EulerAnglesXyzDiff&lt;double&gt;" status="run" result="completed" time="0" timestamp="2024-10-17T20:02:26" classname="EulerAnglesXyzDiffTest/0" />
    <testcase name="testGetters" type_param="kindr::EulerAnglesXyzDiff&lt;double&gt;" status="run" result="completed" time="0" timestamp="2024-10-17T20:02:26" classname="EulerAnglesXyzDiffTest/0" />
    <testcase name="testSetters" type_param="kindr::EulerAnglesXyzDiff&lt;double&gt;" status="run" result="completed" time="0" timestamp="2024-10-17T20:02:26" classname="EulerAnglesXyzDiffTest/0" />
    <testcase name="testFiniteDifference" type_param="kindr::EulerAnglesXyzDiff&lt;double&gt;" status="run" result="completed" time="0" timestamp="2024-10-17T20:02:26" classname="EulerAnglesXyzDiffTest/0" />
    <testcase name="testFiniteDifferenceInverse" type_param="kindr::EulerAnglesXyzDiff&lt;double&gt;" status="run" result="completed" time="0" timestamp="2024-10-17T20:02:26" classname="EulerAnglesXyzDiffTest/0" />
    <testcase name="mappingLocalAngularVelocity" type_param="kindr::EulerAnglesXyzDiff&lt;double&gt;" status="run" result="completed" time="0" timestamp="2024-10-17T20:02:26" classname="EulerAnglesXyzDiffTest/0" />
    <testcase name="mappingLocalAngularVelocityInverse" type_param="kindr::EulerAnglesXyzDiff&lt;double&gt;" status="run" result="completed" time="0" timestamp="2024-10-17T20:02:26" classname="EulerAnglesXyzDiffTest/0" />
    <testcase name="secondDiff" type_param="kindr::EulerAnglesXyzDiff&lt;double&gt;" status="run" result="completed" time="0.001" timestamp="2024-10-17T20:02:26" classname="EulerAnglesXyzDiffTest/0" />
  </testsuite>
  <testsuite name="EulerAnglesXyzDiffTest/1" tests="8" failures="0" disabled="0" errors="0" time="0" timestamp="2024-10-17T20:02:26">
    <testcase name="testConstructors" type_param="kindr::EulerAnglesXyzDiff&lt;float&gt;" status="run" result="completed" time="0" timestamp="2024-10-17T20:02:26" classname="EulerAnglesXyzDiffTest/1" />
    <testcase name="testGetters" type_param="kindr::EulerAnglesXyzDiff&lt;float&gt;" status="run" result="completed" time="0" timestamp="2024-10-17T20:02:26" classname="EulerAnglesXyzDiffTest/1" />
    <testcase name="testSetters" type_param="kindr::EulerAnglesXyzDiff&lt;float&gt;" status="run" result="completed" time="0" timestamp="2024-10-17T20:02:26" classname="EulerAnglesXyzDiffTest/1" />
    <testcase name="testFiniteDifference" type_param="kindr::EulerAnglesXyzDiff&lt;float&gt;" status="run" result="completed" time="0" timestamp="2024-10-17T20:02:26" classname="EulerAnglesXyzDiffTest/1" />
    <testcase name="testFiniteDifferenceInverse" type_param="kindr::EulerAnglesXyzDiff&lt;float&gt;" status="run" result="completed" time="0" timestamp="2024-10-17T20:02:26" classname="EulerAnglesXyzDiffTest/1" />
    <testcase name="mappingLocalAngularVelocity" type_param="kindr::EulerAnglesXyzDiff&lt;float&gt;" status="run" result="completed" time="0" timestamp="2024-10-17T20:02:26" classname="EulerAnglesXyzDiffTest/1" />
    <testcase name="mappingLocalAngularVelocityInverse" type_param="kindr::EulerAnglesXyzDiff&lt;float&gt;" status="run" result="completed" time="0" timestamp="2024-10-17T20:02:26" classname="EulerAnglesXyzDiffTest/1" />
    <testcase name="secondDiff" type_param="kindr::EulerAnglesXyzDiff&lt;float&gt;" status="run" result="completed" time="0" timestamp="2024-10-17T20:02:26" classname="EulerAnglesXyzDiffTest/1" />
  </testsuite>
</testsuites>
