<?xml version="1.0" encoding="UTF-8"?>
<testsuites tests="38" failures="0" disabled="0" errors="0" time="0" timestamp="2024-10-17T20:02:26" name="AllTests">
  <testsuite name="Position3Test/0" tests="1" failures="0" disabled="0" errors="0" time="0" timestamp="2024-10-17T20:02:26">
    <testcase name="testPosition3" type_param="kindr::Vector&lt;(kindr::PhysicalType)9, double, 3&gt;" status="run" result="completed" time="0" timestamp="2024-10-17T20:02:26" classname="Position3Test/0" />
  </testsuite>
  <testsuite name="Position3Test/1" tests="1" failures="0" disabled="0" errors="0" time="0" timestamp="2024-10-17T20:02:26">
    <testcase name="testPosition3" type_param="kindr::Vector&lt;(kindr::PhysicalType)9, float, 3&gt;" status="run" result="completed" time="0" timestamp="2024-10-17T20:02:26" classname="Position3Test/1" />
  </testsuite>
  <testsuite name="HomogeneousTransformationTest/0" tests="9" failures="0" disabled="0" errors="0" time="0" timestamp="2024-10-17T20:02:26">
    <testcase name="testCopyConstructor" type_param="kindr::HomogeneousTransformation&lt;double, kindr::Vector&lt;(kindr::PhysicalType)9, double, 3&gt;, kindr::RotationQuaternion&lt;double&gt; &gt;" status="run" result="completed" time="0" timestamp="2024-10-17T20:02:26" classname="HomogeneousTransformationTest/0" />
    <testcase name="testSetIdentity" type_param="kindr::HomogeneousTransformation&lt;double, kindr::Vector&lt;(kindr::PhysicalType)9, double, 3&gt;, kindr::RotationQuaternion&lt;double&gt; &gt;" status="run" result="completed" time="0" timestamp="2024-10-17T20:02:26" classname="HomogeneousTransformationTest/0" />
    <testcase name="testComparisonEqual" type_param="kindr::HomogeneousTransformation&lt;double, kindr::Vector&lt;(kindr::PhysicalType)9, double, 3&gt;, kindr::RotationQuaternion&lt;double&gt; &gt;" status="run" result="completed" time="0" timestamp="2024-10-17T20:02:26" classname="HomogeneousTransformationTest/0" />
    <testcase name="testComparisonNotEqual" type_param="kindr::HomogeneousTransformation&lt;double, kindr::Vector&lt;(kindr::PhysicalType)9, double, 3&gt;, kindr::RotationQuaternion&lt;double&gt; &gt;" status="run" result="completed" time="0" timestamp="2024-10-17T20:02:26" classname="HomogeneousTransformationTest/0" />
    <testcase name="testTransform" type_param="kindr::HomogeneousTransformation&lt;double, kindr::Vector&lt;(kindr::PhysicalType)9, double, 3&gt;, kindr::RotationQuaternion&lt;double&gt; &gt;" status="run" result="completed" time="0" timestamp="2024-10-17T20:02:26" classname="HomogeneousTransformationTest/0" />
    <testcase name="testInverseTransform" type_param="kindr::HomogeneousTransformation&lt;double, kindr::Vector&lt;(kindr::PhysicalType)9, double, 3&gt;, kindr::RotationQuaternion&lt;double&gt; &gt;" status="run" result="completed" time="0" timestamp="2024-10-17T20:02:26" classname="HomogeneousTransformationTest/0" />
    <testcase name="testTransformAndInverseTransform" type_param="kindr::HomogeneousTransformation&lt;double, kindr::Vector&lt;(kindr::PhysicalType)9, double, 3&gt;, kindr::RotationQuaternion&lt;double&gt; &gt;" status="run" result="completed" time="0" timestamp="2024-10-17T20:02:26" classname="HomogeneousTransformationTest/0" />
    <testcase name="testConcatenation" type_param="kindr::HomogeneousTransformation&lt;double, kindr::Vector&lt;(kindr::PhysicalType)9, double, 3&gt;, kindr::RotationQuaternion&lt;double&gt; &gt;" status="run" result="completed" time="0" timestamp="2024-10-17T20:02:26" classname="HomogeneousTransformationTest/0" />
    <testcase name="testGenericRotateVectorCompilable" type_param="kindr::HomogeneousTransformation&lt;double, kindr::Vector&lt;(kindr::PhysicalType)9, double, 3&gt;, kindr::RotationQuaternion&lt;double&gt; &gt;" status="run" result="completed" time="0" timestamp="2024-10-17T20:02:26" classname="HomogeneousTransformationTest/0" />
  </testsuite>
  <testsuite name="HomogeneousTransformationTest/1" tests="9" failures="0" disabled="0" errors="0" time="0" timestamp="2024-10-17T20:02:26">
    <testcase name="testCopyConstructor" type_param="kindr::HomogeneousTransformation&lt;float, kindr::Vector&lt;(kindr::PhysicalType)9, float, 3&gt;, kindr::RotationQuaternion&lt;float&gt; &gt;" status="run" result="completed" time="0" timestamp="2024-10-17T20:02:26" classname="HomogeneousTransformationTest/1" />
    <testcase name="testSetIdentity" type_param="kindr::HomogeneousTransformation&lt;float, kindr::Vector&lt;(kindr::PhysicalType)9, float, 3&gt;, kindr::RotationQuaternion&lt;float&gt; &gt;" status="run" result="completed" time="0" timestamp="2024-10-17T20:02:26" classname="HomogeneousTransformationTest/1" />
    <testcase name="testComparisonEqual" type_param="kindr::HomogeneousTransformation&lt;float, kindr::Vector&lt;(kindr::PhysicalType)9, float, 3&gt;, kindr::RotationQuaternion&lt;float&gt; &gt;" status="run" result="completed" time="0" timestamp="2024-10-17T20:02:26" classname="HomogeneousTransformationTest/1" />
    <testcase name="testComparisonNotEqual" type_param="kindr::HomogeneousTransformation&lt;float, kindr::Vector&lt;(kindr::PhysicalType)9, float, 3&gt;, kindr::RotationQuaternion&lt;float&gt; &gt;" status="run" result="completed" time="0" timestamp="2024-10-17T20:02:26" classname="HomogeneousTransformationTest/1" />
    <testcase name="testTransform" type_param="kindr::HomogeneousTransformation&lt;float, kindr::Vector&lt;(kindr::PhysicalType)9, float, 3&gt;, kindr::RotationQuaternion&lt;float&gt; &gt;" status="run" result="completed" time="0" timestamp="2024-10-17T20:02:26" classname="HomogeneousTransformationTest/1" />
    <testcase name="testInverseTransform" type_param="kindr::HomogeneousTransformation&lt;float, kindr::Vector&lt;(kindr::PhysicalType)9, float, 3&gt;, kindr::RotationQuaternion&lt;float&gt; &gt;" status="run" result="completed" time="0" timestamp="2024-10-17T20:02:26" classname="HomogeneousTransformationTest/1" />
    <testcase name="testTransformAndInverseTransform" type_param="kindr::HomogeneousTransformation&lt;float, kindr::Vector&lt;(kindr::PhysicalType)9, float, 3&gt;, kindr::RotationQuaternion&lt;float&gt; &gt;" status="run" result="completed" time="0" timestamp="2024-10-17T20:02:26" classname="HomogeneousTransformationTest/1" />
    <testcase name="testConcatenation" type_param="kindr::HomogeneousTransformation&lt;float, kindr::Vector&lt;(kindr::PhysicalType)9, float, 3&gt;, kindr::RotationQuaternion&lt;float&gt; &gt;" status="run" result="completed" time="0" timestamp="2024-10-17T20:02:26" classname="HomogeneousTransformationTest/1" />
    <testcase name="testGenericRotateVectorCompilable" type_param="kindr::HomogeneousTransformation&lt;float, kindr::Vector&lt;(kindr::PhysicalType)9, float, 3&gt;, kindr::RotationQuaternion&lt;float&gt; &gt;" status="run" result="completed" time="0" timestamp="2024-10-17T20:02:26" classname="HomogeneousTransformationTest/1" />
  </testsuite>
  <testsuite name="HomogeneousTransformationTest/2" tests="9" failures="0" disabled="0" errors="0" time="0" timestamp="2024-10-17T20:02:26">
    <testcase name="testCopyConstructor" type_param="kindr::HomogeneousTransformation&lt;double, kindr::Vector&lt;(kindr::PhysicalType)9, double, 3&gt;, kindr::RotationMatrix&lt;double&gt; &gt;" status="run" result="completed" time="0" timestamp="2024-10-17T20:02:26" classname="HomogeneousTransformationTest/2" />
    <testcase name="testSetIdentity" type_param="kindr::HomogeneousTransformation&lt;double, kindr::Vector&lt;(kindr::PhysicalType)9, double, 3&gt;, kindr::RotationMatrix&lt;double&gt; &gt;" status="run" result="completed" time="0" timestamp="2024-10-17T20:02:26" classname="HomogeneousTransformationTest/2" />
    <testcase name="testComparisonEqual" type_param="kindr::HomogeneousTransformation&lt;double, kindr::Vector&lt;(kindr::PhysicalType)9, double, 3&gt;, kindr::RotationMatrix&lt;double&gt; &gt;" status="run" result="completed" time="0" timestamp="2024-10-17T20:02:26" classname="HomogeneousTransformationTest/2" />
    <testcase name="testComparisonNotEqual" type_param="kindr::HomogeneousTransformation&lt;double, kindr::Vector&lt;(kindr::PhysicalType)9, double, 3&gt;, kindr::RotationMatrix&lt;double&gt; &gt;" status="run" result="completed" time="0" timestamp="2024-10-17T20:02:26" classname="HomogeneousTransformationTest/2" />
    <testcase name="testTransform" type_param="kindr::HomogeneousTransformation&lt;double, kindr::Vector&lt;(kindr::PhysicalType)9, double, 3&gt;, kindr::RotationMatrix&lt;double&gt; &gt;" status="run" result="completed" time="0" timestamp="2024-10-17T20:02:26" classname="HomogeneousTransformationTest/2" />
    <testcase name="testInverseTransform" type_param="kindr::HomogeneousTransformation&lt;double, kindr::Vector&lt;(kindr::PhysicalType)9, double, 3&gt;, kindr::RotationMatrix&lt;double&gt; &gt;" status="run" result="completed" time="0" timestamp="2024-10-17T20:02:26" classname="HomogeneousTransformationTest/2" />
    <testcase name="testTransformAndInverseTransform" type_param="kindr::HomogeneousTransformation&lt;double, kindr::Vector&lt;(kindr::PhysicalType)9, double, 3&gt;, kindr::RotationMatrix&lt;double&gt; &gt;" status="run" result="completed" time="0" timestamp="2024-10-17T20:02:26" classname="HomogeneousTransformationTest/2" />
    <testcase name="testConcatenation" type_param="kindr::HomogeneousTransformation&lt;double, kindr::Vector&lt;(kindr::PhysicalType)9, double, 3&gt;, kindr::RotationMatrix&lt;double&gt; &gt;" status="run" result="completed" time="0" timestamp="2024-10-17T20:02:26" classname="HomogeneousTransformationTest/2" />
    <testcase name="testGenericRotateVectorCompilable" type_param="kindr::HomogeneousTransformation&lt;double, kindr::Vector&lt;(kindr::PhysicalType)9, double, 3&gt;, kindr::RotationMatrix&lt;double&gt; &gt;" status="run" result="completed" time="0" timestamp="2024-10-17T20:02:26" classname="HomogeneousTransformationTest/2" />
  </testsuite>
  <testsuite name="HomogeneousTransformationTest/3" tests="9" failures="0" disabled="0" errors="0" time="0" timestamp="2024-10-17T20:02:26">
    <testcase name="testCopyConstructor" type_param="kindr::HomogeneousTransformation&lt;float, kindr::Vector&lt;(kindr::PhysicalType)9, float, 3&gt;, kindr::RotationMatrix&lt;float&gt; &gt;" status="run" result="completed" time="0" timestamp="2024-10-17T20:02:26" classname="HomogeneousTransformationTest/3" />
    <testcase name="testSetIdentity" type_param="kindr::HomogeneousTransformation&lt;float, kindr::Vector&lt;(kindr::PhysicalType)9, float, 3&gt;, kindr::RotationMatrix&lt;float&gt; &gt;" status="run" result="completed" time="0" timestamp="2024-10-17T20:02:26" classname="HomogeneousTransformationTest/3" />
    <testcase name="testComparisonEqual" type_param="kindr::HomogeneousTransformation&lt;float, kindr::Vector&lt;(kindr::PhysicalType)9, float, 3&gt;, kindr::RotationMatrix&lt;float&gt; &gt;" status="run" result="completed" time="0" timestamp="2024-10-17T20:02:26" classname="HomogeneousTransformationTest/3" />
    <testcase name="testComparisonNotEqual" type_param="kindr::HomogeneousTransformation&lt;float, kindr::Vector&lt;(kindr::PhysicalType)9, float, 3&gt;, kindr::RotationMatrix&lt;float&gt; &gt;" status="run" result="completed" time="0" timestamp="2024-10-17T20:02:26" classname="HomogeneousTransformationTest/3" />
    <testcase name="testTransform" type_param="kindr::HomogeneousTransformation&lt;float, kindr::Vector&lt;(kindr::PhysicalType)9, float, 3&gt;, kindr::RotationMatrix&lt;float&gt; &gt;" status="run" result="completed" time="0" timestamp="2024-10-17T20:02:26" classname="HomogeneousTransformationTest/3" />
    <testcase name="testInverseTransform" type_param="kindr::HomogeneousTransformation&lt;float, kindr::Vector&lt;(kindr::PhysicalType)9, float, 3&gt;, kindr::RotationMatrix&lt;float&gt; &gt;" status="run" result="completed" time="0" timestamp="2024-10-17T20:02:26" classname="HomogeneousTransformationTest/3" />
    <testcase name="testTransformAndInverseTransform" type_param="kindr::HomogeneousTransformation&lt;float, kindr::Vector&lt;(kindr::PhysicalType)9, float, 3&gt;, kindr::RotationMatrix&lt;float&gt; &gt;" status="run" result="completed" time="0" timestamp="2024-10-17T20:02:26" classname="HomogeneousTransformationTest/3" />
    <testcase name="testConcatenation" type_param="kindr::HomogeneousTransformation&lt;float, kindr::Vector&lt;(kindr::PhysicalType)9, float, 3&gt;, kindr::RotationMatrix&lt;float&gt; &gt;" status="run" result="completed" time="0" timestamp="2024-10-17T20:02:26" classname="HomogeneousTransformationTest/3" />
    <testcase name="testGenericRotateVectorCompilable" type_param="kindr::HomogeneousTransformation&lt;float, kindr::Vector&lt;(kindr::PhysicalType)9, float, 3&gt;, kindr::RotationMatrix&lt;float&gt; &gt;" status="run" result="completed" time="0" timestamp="2024-10-17T20:02:26" classname="HomogeneousTransformationTest/3" />
  </testsuite>
</testsuites>
