<?xml version="1.0" encoding="UTF-8"?>
<testsuites tests="4" failures="0" disabled="0" errors="0" time="0.001" timestamp="2024-10-17T20:02:26" name="AllTests">
  <testsuite name="SkewMatrixFromVectorTest" tests="1" failures="0" disabled="0" errors="0" time="0" timestamp="2024-10-17T20:02:26">
    <testcase name="testVector" status="run" result="completed" time="0" timestamp="2024-10-17T20:02:26" classname="SkewMatrixFromVectorTest" />
  </testsuite>
  <testsuite name="SquarePseudoInverseTest" tests="1" failures="0" disabled="0" errors="0" time="0.001" timestamp="2024-10-17T20:02:26">
    <testcase name="testVector" status="run" result="completed" time="0.001" timestamp="2024-10-17T20:02:26" classname="SquarePseudoInverseTest" />
  </testsuite>
  <testsuite name="RowPseudoInverseTest" tests="1" failures="0" disabled="0" errors="0" time="0" timestamp="2024-10-17T20:02:26">
    <testcase name="testVector" status="run" result="completed" time="0" timestamp="2024-10-17T20:02:26" classname="RowPseudoInverseTest" />
  </testsuite>
  <testsuite name="ColPseudoInverseTest" tests="1" failures="0" disabled="0" errors="0" time="0" timestamp="2024-10-17T20:02:26">
    <testcase name="testVector" status="run" result="completed" time="0" timestamp="2024-10-17T20:02:26" classname="ColPseudoInverseTest" />
  </testsuite>
</testsuites>
