<?xml version="1.0" encoding="UTF-8"?>
<testsuites tests="6" failures="0" disabled="0" errors="0" time="0" timestamp="2024-10-17T20:02:59" name="AllTests">
  <testsuite name="ElevationMap" tests="1" failures="0" disabled="0" errors="0" time="0" timestamp="2024-10-17T20:02:59">
    <testcase name="Test" status="run" result="completed" time="0" timestamp="2024-10-17T20:02:59" classname="ElevationMap" />
  </testsuite>
  <testsuite name="WeightedEmpiricalCumulativeDistributionFunction" tests="5" failures="0" disabled="0" errors="0" time="0" timestamp="2024-10-17T20:02:59">
    <testcase name="Initialization" status="run" result="completed" time="0" timestamp="2024-10-17T20:02:59" classname="WeightedEmpiricalCumulativeDistributionFunction" />
    <testcase name="Trivial" status="run" result="completed" time="0" timestamp="2024-10-17T20:02:59" classname="WeightedEmpiricalCumulativeDistributionFunction" />
    <testcase name="LinearEquallySpaced" status="run" result="completed" time="0" timestamp="2024-10-17T20:02:59" classname="WeightedEmpiricalCumulativeDistributionFunction" />
    <testcase name="SingleValue" status="run" result="completed" time="0" timestamp="2024-10-17T20:02:59" classname="WeightedEmpiricalCumulativeDistributionFunction" />
    <testcase name="SyntheticDataDebug" status="run" result="completed" time="0" timestamp="2024-10-17T20:02:59" classname="WeightedEmpiricalCumulativeDistributionFunction" />
  </testsuite>
</testsuites>
