<?xml version="1.0" encoding="UTF-8"?>
<testsuites tests="16" failures="0" disabled="0" errors="0" time="8.981" timestamp="2024-10-17T20:03:00" Init value for random number generator:="1729166580" name="AllTests">
  <testsuite name="InputSources" tests="15" failures="0" disabled="0" errors="0" time="7.565" timestamp="2024-10-17T20:03:00">
    <testcase name="SingleInputValid" status="run" result="completed" time="0.313" timestamp="2024-10-17T20:03:00" classname="InputSources" />
    <testcase name="MultipleInputsValid" status="run" result="completed" time="0.313" timestamp="2024-10-17T20:03:00" classname="InputSources" />
    <testcase name="NoType" status="run" result="completed" time="0.313" timestamp="2024-10-17T20:03:00" classname="InputSources" />
    <testcase name="NoTopic" status="run" result="completed" time="0.313" timestamp="2024-10-17T20:03:01" classname="InputSources" />
    <testcase name="NoQueueSize" status="run" result="completed" time="0.313" timestamp="2024-10-17T20:03:01" classname="InputSources" />
    <testcase name="NoPublishOnUpdate" status="run" result="completed" time="0.213" timestamp="2024-10-17T20:03:01" classname="InputSources" />
    <testcase name="SubscribingSameTwice" status="run" result="completed" time="0.312" timestamp="2024-10-17T20:03:01" classname="InputSources" />
    <testcase name="ConfigurationNotGiven" status="run" result="completed" time="0.314" timestamp="2024-10-17T20:03:02" classname="InputSources" />
    <testcase name="ConfigurationEmptySources" status="run" result="completed" time="0.313" timestamp="2024-10-17T20:03:02" classname="InputSources" />
    <testcase name="ConfigurationWrongType" status="run" result="completed" time="0.213" timestamp="2024-10-17T20:03:02" classname="InputSources" />
    <testcase name="ConfigurationNotAStruct" status="run" result="completed" time="0.314" timestamp="2024-10-17T20:03:03" classname="InputSources" />
    <testcase name="ConfigurationQueueSizeIsString" status="run" result="completed" time="0.313" timestamp="2024-10-17T20:03:03" classname="InputSources" />
    <testcase name="ConfigurationQueueSizeIsNegative" status="run" result="completed" time="0.313" timestamp="2024-10-17T20:03:03" classname="InputSources" />
    <testcase name="UnknownType" status="run" result="completed" time="1.415" timestamp="2024-10-17T20:03:03" classname="InputSources" />
    <testcase name="ListeningToTopicsAfterRegistration" status="run" result="completed" time="2.28" timestamp="2024-10-17T20:03:05" classname="InputSources" />
  </testsuite>
  <testsuite name="ElevationMap" tests="1" failures="0" disabled="0" errors="0" time="1.416" timestamp="2024-10-17T20:03:07">
    <testcase name="Constructor" status="run" result="completed" time="1.416" timestamp="2024-10-17T20:03:07" classname="ElevationMap" />
  </testsuite>
</testsuites>
